<?xml version="1.0" encoding="UTF-8"?>
<beans xmlns="http://www.springframework.org/schema/beans"
        xmlns:xsi="http://www.w3.org/2001/XMLSchema-instance" xmlns:p="http://www.springframework.org/schema/p"
        xmlns:tx="http://www.springframework.org/schema/tx" xmlns:context="http://www.springframework.org/schema/context"
        xsi:schemaLocation="
    http://www.springframework.org/schema/beans
        http://www.springframework.org/schema/beans/spring-beans-3.0.xsd
    http://www.springframework.org/schema/tx
        http://www.springframework.org/schema/tx/spring-tx-3.0.xsd
    http://www.springframework.org/schema/context
        http://www.springframework.org/schema/context/spring-context-3.0.xsd    
    http://www.springframework.org/schema/task
        http://www.springframework.org/schema/task/spring-task-3.0.xsd">
    <tx:annotation-driven />    
        <context:component-scan base-package="edu.jhu.cs.oose.j2ee.example" />
        <bean id="dataSource"
                class="org.springframework.jdbc.datasource.DriverManagerDataSource">
                <property name="driverClassName" value="com.mysql.jdbc.Driver" />
                <property name="url" value="jdbc:mysql://localhost/j2ee" />
                <property name="username" value="j2ee" />
                <property name="password" value="j2ee" />
        </bean>
        <bean id="sessionFactory"
                class="org.springframework.orm.hibernate3.annotation.AnnotationSessionFactoryBean">
                <property name="dataSource" ref="dataSource" />
                <property name="packagesToScan" value="edu.jhu.cs.oose.j2ee.example.**.*" />
                <property name="hibernateProperties">
                        <props>
                                <prop key="hibernate.hbm2ddl.auto">create</prop>
                        </props>
                </property>
        </bean>
        <bean id="transactionManager"
                class="org.springframework.orm.hibernate3.HibernateTransactionManager">
                <property name="sessionFactory" ref="sessionFactory" />
        </bean>
        <bean id="viewResolver"
                class="org.springframework.web.servlet.view.InternalResourceViewResolver">
                <property name="prefix">
                        <value>/WEB-INF/pages/</value>
                </property>
                <property name="suffix">
                        <value>.jsp</value>
                </property>
        </bean>
</beans>
